<?xml version="1.0" encoding="UTF-8"?>
<!-- Generated by org.testng.reporters.JUnitReportReporter -->
<testsuite hostname="DESKTOP-EN91KAP" failures="0" tests="1" name="Frame.test_case2" time="0.000" errors="0" timestamp="2023-04-17T15:01:13 GMT-05:00" skipped="1">
  <testcase classname="Frame.test_case2" name="tc2" time="0.000">
    <skipped/>
  </testcase> <!-- tc2 -->
  <system-out/>
</testsuite> <!-- Frame.test_case2 -->
